<?xml version="1.0" encoding="UTF-8"?>
<!-- Generated by org.testng.reporters.JUnitReportReporter -->
<testsuite hostname="NASIB" failures="0" tests="10" name="com.qa.amazon.testcases.HomePageTest" time="89.469" errors="0" timestamp="2023-02-14T11:13:16 EST" skipped="0">
  <testcase classname="com.qa.amazon.testcases.HomePageTest" name="verifyHomePageTitle" time="6.517"/>
  <system-out/>
  <testcase classname="com.qa.amazon.testcases.HomePageTest" name="validatesearchboxTest" time="8.388"/>
  <system-out/>
  <testcase classname="com.qa.amazon.testcases.HomePageTest" name="validateSearchBtnTest" time="8.756"/>
  <system-out/>
  <testcase classname="com.qa.amazon.testcases.HomePageTest" name="validateaccountListTest" time="8.121"/>
  <system-out/>
  <testcase classname="com.qa.amazon.testcases.HomePageTest" name="validateReturnOrderTest" time="8.356"/>
  <system-out/>
  <testcase classname="com.qa.amazon.testcases.HomePageTest" name="validateCartTest" time="8.678"/>
  <system-out/>
  <testcase classname="com.qa.amazon.testcases.HomePageTest" name="validateAddressLinkTest" time="9.274"/>
  <system-out/>
  <testcase classname="com.qa.amazon.testcases.HomePageTest" name="verifySearchTextBoxTest" time="8.895"/>
  <system-out/>
  <testcase classname="com.qa.amazon.testcases.HomePageTest" name="searchItemTest" time="10.870"/>
  <system-out/>
  <testcase classname="com.qa.amazon.testcases.HomePageTest" name="clickOnAccountListTest" time="11.614"/>
  <system-out/>
</testsuite> <!-- com.qa.amazon.testcases.HomePageTest -->
