<?xml version="1.0" encoding="UTF-8"?>
<!-- Generated by org.testng.reporters.JUnitReportReporter -->
<testsuite hostname="NASIB" failures="0" tests="1" name="com.qa.amazon.testcases.PaymentPageTest" time="22.537" errors="0" timestamp="2023-02-14T11:13:16 EST" skipped="0">
  <testcase classname="com.qa.amazon.testcases.PaymentPageTest" name="confirmAddressTest" time="22.537"/>
  <system-out/>
</testsuite> <!-- com.qa.amazon.testcases.PaymentPageTest -->
