<?xml version="1.0" encoding="UTF-8"?>
<!-- Generated by org.testng.reporters.JUnitReportReporter -->
<testsuite hostname="NASIB" failures="0" tests="3" name="com.qa.amazon.testcases.CreateNewAccountPageTest" time="18.931" errors="0" timestamp="2023-02-14T11:13:16 EST" skipped="0">
  <testcase classname="com.qa.amazon.testcases.CreateNewAccountPageTest" name="validateRegistrationPageTitle" time="6.140"/>
  <system-out/>
  <testcase classname="com.qa.amazon.testcases.CreateNewAccountPageTest" name="create" time="6.887"/>
  <system-out/>
  <testcase classname="com.qa.amazon.testcases.CreateNewAccountPageTest" name="clickOnVerifyBtnTest" time="5.904"/>
  <system-out/>
</testsuite> <!-- com.qa.amazon.testcases.CreateNewAccountPageTest -->
