<?xml version="1.0" encoding="UTF-8"?>
<!-- Generated by org.testng.reporters.JUnitReportReporter -->
<testsuite hostname="NASIB" failures="0" tests="4" name="com.qa.amazon.testcases.LoginPageTest" time="23.337" errors="0" timestamp="2023-02-14T11:13:16 EST" skipped="0">
  <testcase classname="com.qa.amazon.testcases.LoginPageTest" name="loginPageTitleTest" time="6.325"/>
  <system-out/>
  <testcase classname="com.qa.amazon.testcases.LoginPageTest" name="AmazonLogoTest" time="5.131"/>
  <system-out/>
  <testcase classname="com.qa.amazon.testcases.LoginPageTest" name="loginTest" time="6.384"/>
  <system-out/>
  <testcase classname="com.qa.amazon.testcases.LoginPageTest" name="verifyCreateNewAccountTest" time="5.497"/>
  <system-out/>
</testsuite> <!-- com.qa.amazon.testcases.LoginPageTest -->
