<?xml version="1.0" encoding="UTF-8"?>
<!-- Generated by org.testng.reporters.JUnitReportReporter -->
<testsuite hostname="NASIB" failures="0" tests="3" name="com.qa.amazon.testcases.SearchPageTest" time="39.076" errors="0" timestamp="2023-02-14T11:13:16 EST" skipped="0">
  <testcase classname="com.qa.amazon.testcases.SearchPageTest" name="searchField" time="11.614"/>
  <system-out/>
  <testcase classname="com.qa.amazon.testcases.SearchPageTest" name="verifySearchItem" time="11.524"/>
  <system-out/>
  <testcase classname="com.qa.amazon.testcases.SearchPageTest" name="clickOnSelectItemTest" time="15.938"/>
  <system-out/>
</testsuite> <!-- com.qa.amazon.testcases.SearchPageTest -->
